<?xml version="1.0" encoding="UTF-8"?>
<coverage generated="1773648933725" clover="3.2.0">
  <project timestamp="1773648933725" name="All files">
    <metrics statements="31" coveredstatements="29" conditionals="16" coveredconditionals="13" methods="8" coveredmethods="8" elements="55" coveredelements="50" complexity="0" loc="31" ncloc="31" packages="1" files="3" classes="3"/>
    <file name="diff.js" path="C:\Users\Пользователь\qa-auto-engineer-javascript-project-87\src\diff.js">
      <metrics statements="17" coveredstatements="17" conditionals="12" coveredconditionals="12" methods="4" coveredmethods="4"/>
      <line num="4" count="1" type="stmt"/>
      <line num="5" count="6" type="cond" truecount="2" falsecount="0"/>
      <line num="6" count="2" type="stmt"/>
      <line num="8" count="4" type="stmt"/>
      <line num="12" count="1" type="stmt"/>
      <line num="14" count="1" type="stmt"/>
      <line num="17" count="1" type="stmt"/>
      <line num="18" count="5" type="stmt"/>
      <line num="19" count="5" type="stmt"/>
      <line num="22" count="5" type="cond" truecount="4" falsecount="0"/>
      <line num="23" count="1" type="stmt"/>
      <line num="26" count="4" type="cond" truecount="4" falsecount="0"/>
      <line num="27" count="2" type="stmt"/>
      <line num="30" count="2" type="cond" truecount="2" falsecount="0"/>
      <line num="32" count="1" type="stmt"/>
      <line num="35" count="1" type="stmt"/>
      <line num="42" count="6" type="stmt"/>
    </file>
    <file name="index.js" path="C:\Users\Пользователь\qa-auto-engineer-javascript-project-87\src\index.js">
      <metrics statements="3" coveredstatements="3" conditionals="0" coveredconditionals="0" methods="1" coveredmethods="1"/>
      <line num="13" count="1" type="stmt"/>
      <line num="14" count="1" type="stmt"/>
      <line num="17" count="1" type="stmt"/>
    </file>
    <file name="parsers.js" path="C:\Users\Пользователь\qa-auto-engineer-javascript-project-87\src\parsers.js">
      <metrics statements="11" coveredstatements="9" conditionals="4" coveredconditionals="1" methods="3" coveredmethods="3"/>
      <line num="6" count="2" type="stmt"/>
      <line num="9" count="1" type="stmt"/>
      <line num="11" count="2" type="stmt"/>
      <line num="14" count="2" type="stmt"/>
      <line num="18" count="1" type="stmt"/>
      <line num="19" count="2" type="stmt"/>
      <line num="20" count="2" type="stmt"/>
      <line num="23" count="2" type="cond" truecount="1" falsecount="3"/>
      <line num="25" count="2" type="stmt"/>
      <line num="29" count="0" type="stmt"/>
      <line num="31" count="0" type="stmt"/>
    </file>
  </project>
</coverage>
