{"C:\\Users\\Пользователь\\qa-auto-engineer-javascript-project-87\\src\\diff.js": {"path":"C:\\Users\\Пользователь\\qa-auto-engineer-javascript-project-87\\src\\diff.js","statementMap":{"0":{"start":{"line":4,"column":23},"end":{"line":9,"column":1}},"1":{"start":{"line":5,"column":2},"end":{"line":7,"column":3}},"2":{"start":{"line":6,"column":4},"end":{"line":6,"column":17}},"3":{"start":{"line":8,"column":2},"end":{"line":8,"column":23}},"4":{"start":{"line":12,"column":18},"end":{"line":43,"column":1}},"5":{"start":{"line":14,"column":18},"end":{"line":14,"column":85}},"6":{"start":{"line":17,"column":16},"end":{"line":39,"column":4}},"7":{"start":{"line":18,"column":17},"end":{"line":18,"column":42}},"8":{"start":{"line":19,"column":17},"end":{"line":19,"column":42}},"9":{"start":{"line":22,"column":4},"end":{"line":24,"column":5}},"10":{"start":{"line":23,"column":6},"end":{"line":23,"column":55}},"11":{"start":{"line":26,"column":4},"end":{"line":28,"column":5}},"12":{"start":{"line":27,"column":6},"end":{"line":27,"column":55}},"13":{"start":{"line":30,"column":4},"end":{"line":33,"column":5}},"14":{"start":{"line":32,"column":6},"end":{"line":32,"column":55}},"15":{"start":{"line":35,"column":4},"end":{"line":38,"column":6}},"16":{"start":{"line":42,"column":2},"end":{"line":42,"column":62}},"17":{"start":{"line":42,"column":33},"end":{"line":42,"column":44}}},"fnMap":{"0":{"name":"(anonymous_0)","decl":{"start":{"line":4,"column":23},"end":{"line":4,"column":24}},"loc":{"start":{"line":4,"column":34},"end":{"line":9,"column":1}},"line":4},"1":{"name":"(anonymous_1)","decl":{"start":{"line":12,"column":18},"end":{"line":12,"column":19}},"loc":{"start":{"line":12,"column":36},"end":{"line":43,"column":1}},"line":12},"2":{"name":"(anonymous_2)","decl":{"start":{"line":17,"column":32},"end":{"line":17,"column":33}},"loc":{"start":{"line":17,"column":41},"end":{"line":39,"column":3}},"line":17},"3":{"name":"(anonymous_3)","decl":{"start":{"line":42,"column":25},"end":{"line":42,"column":26}},"loc":{"start":{"line":42,"column":33},"end":{"line":42,"column":44}},"line":42}},"branchMap":{"0":{"loc":{"start":{"line":5,"column":2},"end":{"line":7,"column":3}},"type":"if","locations":[{"start":{"line":5,"column":2},"end":{"line":7,"column":3}},{"start":{},"end":{}}],"line":5},"1":{"loc":{"start":{"line":22,"column":4},"end":{"line":24,"column":5}},"type":"if","locations":[{"start":{"line":22,"column":4},"end":{"line":24,"column":5}},{"start":{},"end":{}}],"line":22},"2":{"loc":{"start":{"line":22,"column":8},"end":{"line":22,"column":21}},"type":"binary-expr","locations":[{"start":{"line":22,"column":8},"end":{"line":22,"column":13}},{"start":{"line":22,"column":17},"end":{"line":22,"column":21}}],"line":22},"3":{"loc":{"start":{"line":26,"column":4},"end":{"line":28,"column":5}},"type":"if","locations":[{"start":{"line":26,"column":4},"end":{"line":28,"column":5}},{"start":{},"end":{}}],"line":26},"4":{"loc":{"start":{"line":26,"column":8},"end":{"line":26,"column":21}},"type":"binary-expr","locations":[{"start":{"line":26,"column":8},"end":{"line":26,"column":12}},{"start":{"line":26,"column":16},"end":{"line":26,"column":21}}],"line":26},"5":{"loc":{"start":{"line":30,"column":4},"end":{"line":33,"column":5}},"type":"if","locations":[{"start":{"line":30,"column":4},"end":{"line":33,"column":5}},{"start":{},"end":{}}],"line":30}},"s":{"0":1,"1":6,"2":2,"3":4,"4":1,"5":1,"6":1,"7":5,"8":5,"9":5,"10":1,"11":4,"12":2,"13":2,"14":1,"15":1,"16":1,"17":6},"f":{"0":6,"1":1,"2":5,"3":6},"b":{"0":[2,4],"1":[1,4],"2":[5,1],"3":[2,2],"4":[4,4],"5":[1,1]},"_coverageSchema":"1a1c01bbd47fc00a2c39e90264f33305004495a9","hash":"9cb8c1223e8684f7fe0077b7401a6b546b6f8fce"}
,"C:\\Users\\Пользователь\\qa-auto-engineer-javascript-project-87\\src\\index.js": {"path":"C:\\Users\\Пользователь\\qa-auto-engineer-javascript-project-87\\src\\index.js","statementMap":{"0":{"start":{"line":13,"column":16},"end":{"line":13,"column":36}},"1":{"start":{"line":14,"column":16},"end":{"line":14,"column":36}},"2":{"start":{"line":17,"column":2},"end":{"line":17,"column":33}}},"fnMap":{"0":{"name":"(anonymous_0)","decl":{"start":{"line":11,"column":15},"end":{"line":11,"column":16}},"loc":{"start":{"line":11,"column":41},"end":{"line":18,"column":1}},"line":11}},"branchMap":{},"s":{"0":1,"1":1,"2":1},"f":{"0":1},"b":{},"_coverageSchema":"1a1c01bbd47fc00a2c39e90264f33305004495a9","hash":"8555be3dfc87d17ffede2bf2a1031a9d4278ca38"}
,"C:\\Users\\Пользователь\\qa-auto-engineer-javascript-project-87\\src\\parsers.js": {"path":"C:\\Users\\Пользователь\\qa-auto-engineer-javascript-project-87\\src\\parsers.js","statementMap":{"0":{"start":{"line":6,"column":25},"end":{"line":6,"column":75}},"1":{"start":{"line":6,"column":39},"end":{"line":6,"column":75}},"2":{"start":{"line":9,"column":17},"end":{"line":15,"column":1}},"3":{"start":{"line":11,"column":23},"end":{"line":11,"column":60}},"4":{"start":{"line":14,"column":2},"end":{"line":14,"column":48}},"5":{"start":{"line":18,"column":18},"end":{"line":33,"column":1}},"6":{"start":{"line":19,"column":22},"end":{"line":19,"column":40}},"7":{"start":{"line":20,"column":20},"end":{"line":20,"column":46}},"8":{"start":{"line":23,"column":2},"end":{"line":32,"column":3}},"9":{"start":{"line":25,"column":6},"end":{"line":25,"column":37}},"10":{"start":{"line":29,"column":6},"end":{"line":29,"column":71}},"11":{"start":{"line":31,"column":6},"end":{"line":31,"column":63}}},"fnMap":{"0":{"name":"(anonymous_0)","decl":{"start":{"line":6,"column":25},"end":{"line":6,"column":26}},"loc":{"start":{"line":6,"column":39},"end":{"line":6,"column":75}},"line":6},"1":{"name":"(anonymous_1)","decl":{"start":{"line":9,"column":17},"end":{"line":9,"column":18}},"loc":{"start":{"line":9,"column":31},"end":{"line":15,"column":1}},"line":9},"2":{"name":"(anonymous_2)","decl":{"start":{"line":18,"column":18},"end":{"line":18,"column":19}},"loc":{"start":{"line":18,"column":32},"end":{"line":33,"column":1}},"line":18}},"branchMap":{"0":{"loc":{"start":{"line":23,"column":2},"end":{"line":32,"column":3}},"type":"switch","locations":[{"start":{"line":24,"column":4},"end":{"line":25,"column":37}},{"start":{"line":26,"column":4},"end":{"line":26,"column":17}},{"start":{"line":27,"column":4},"end":{"line":29,"column":71}},{"start":{"line":30,"column":4},"end":{"line":31,"column":63}}],"line":23}},"s":{"0":1,"1":2,"2":1,"3":2,"4":2,"5":1,"6":2,"7":2,"8":2,"9":2,"10":0,"11":0},"f":{"0":2,"1":2,"2":2},"b":{"0":[2,0,0,0]},"_coverageSchema":"1a1c01bbd47fc00a2c39e90264f33305004495a9","hash":"920bcffbad8163221a80ab3cecf8cb64f1adfd18"}
}
