TN:
SF:src\diff.js
FN:4,(anonymous_0)
FN:12,(anonymous_1)
FN:17,(anonymous_2)
FN:42,(anonymous_3)
FNF:4
FNH:4
FNDA:6,(anonymous_0)
FNDA:1,(anonymous_1)
FNDA:5,(anonymous_2)
FNDA:6,(anonymous_3)
DA:4,1
DA:5,6
DA:6,2
DA:8,4
DA:12,1
DA:14,1
DA:17,1
DA:18,5
DA:19,5
DA:22,5
DA:23,1
DA:26,4
DA:27,2
DA:30,2
DA:32,1
DA:35,1
DA:42,6
LF:17
LH:17
BRDA:5,0,0,2
BRDA:5,0,1,4
BRDA:22,1,0,1
BRDA:22,1,1,4
BRDA:22,2,0,5
BRDA:22,2,1,1
BRDA:26,3,0,2
BRDA:26,3,1,2
BRDA:26,4,0,4
BRDA:26,4,1,4
BRDA:30,5,0,1
BRDA:30,5,1,1
BRF:12
BRH:12
end_of_record
TN:
SF:src\index.js
FN:11,(anonymous_0)
FNF:1
FNH:1
FNDA:1,(anonymous_0)
DA:13,1
DA:14,1
DA:17,1
LF:3
LH:3
BRF:0
BRH:0
end_of_record
TN:
SF:src\parsers.js
FN:6,(anonymous_0)
FN:9,(anonymous_1)
FN:18,(anonymous_2)
FNF:3
FNH:3
FNDA:2,(anonymous_0)
FNDA:2,(anonymous_1)
FNDA:2,(anonymous_2)
DA:6,2
DA:9,1
DA:11,2
DA:14,2
DA:18,1
DA:19,2
DA:20,2
DA:23,2
DA:25,2
DA:29,0
DA:31,0
LF:11
LH:9
BRDA:23,0,0,2
BRDA:23,0,1,0
BRDA:23,0,2,0
BRDA:23,0,3,0
BRF:4
BRH:1
end_of_record
